2014-04-05 22:14:41,197      travelLogger        INFO   trying to connect using Facebook
2014-04-05 22:14:41,198      travelLogger        INFO   trying to connect using Facebook
2014-04-05 22:14:41,449      travelLogger        INFO   Facebook is authenticated
2014-04-05 22:14:41,450      travelLogger        DEBUG   force registration is set to None
2014-04-05 22:14:41,537      travelLogger        INFO   100006998190423
2014-04-05 22:14:41,760      travelLogger        INFO   found a new token CAAF4OpEnB
2014-04-05 22:14:41,761      travelLogger        INFO   access token changed, updating now
2014-04-05 22:14:42,110      travelLogger        INFO   connect finished with action django_facebook.connect.LOGIN
2014-04-05 22:14:42,110      travelLogger        INFO   Django facebook performed action: django_facebook.connect.LOGIN
2014-04-05 22:16:20,393      travelLogger        INFO   trying to connect using Facebook
2014-04-05 22:16:20,394      travelLogger        INFO   trying to connect using Facebook
2014-04-05 22:16:20,694      travelLogger        INFO   Facebook is authenticated
2014-04-05 22:16:20,695      travelLogger        DEBUG   force registration is set to None
2014-04-05 22:16:20,737      travelLogger        INFO   100006025326532
2014-04-05 22:16:20,877      travelLogger        INFO   found a new token CAAF4OpEnB
2014-04-05 22:16:20,878      travelLogger        INFO   access token changed, updating now
2014-04-05 22:16:21,277      travelLogger        INFO   connect finished with action django_facebook.connect.LOGIN
2014-04-05 22:16:21,278      travelLogger        INFO   Django facebook performed action: django_facebook.connect.LOGIN
2014-04-05 23:50:26,305      travelLogger        INFO   trying to connect using Facebook
2014-04-05 23:50:26,322      travelLogger        INFO   trying to connect using Facebook
2014-04-05 23:50:26,558      travelLogger        INFO   Facebook is authenticated
2014-04-05 23:50:26,559      travelLogger        DEBUG   force registration is set to None
2014-04-05 23:50:26,697      travelLogger        INFO   running backend <django_facebook.registration_backends.FacebookRegistrationBackend object at 0x7f3dbc39aa10> for registration
2014-04-05 23:51:20,608      travelLogger        INFO   trying to connect using Facebook
2014-04-05 23:51:20,609      travelLogger        INFO   trying to connect using Facebook
2014-04-05 23:51:20,857      travelLogger        INFO   Facebook is authenticated
2014-04-05 23:51:20,858      travelLogger        DEBUG   force registration is set to None
2014-04-05 23:51:20,863      travelLogger        INFO   running backend <django_facebook.registration_backends.FacebookRegistrationBackend object at 0x7f3db8029490> for registration
2014-04-05 23:51:21,433      travelLogger        INFO   profile facebook id changed from 100006025326532 to None
2014-04-05 23:51:21,706      travelLogger        INFO   found a new token CAAF4OpEnB
2014-04-05 23:51:21,706      travelLogger        INFO   access token changed, updating now
2014-04-05 23:51:21,988      travelLogger        INFO   connect finished with action django_facebook.connect.REGISTER
2014-04-05 23:51:21,989      travelLogger        INFO   Django facebook performed action: django_facebook.connect.REGISTER
2014-04-07 10:40:52,177      travelLogger        INFO   trying to connect using Facebook
2014-04-07 10:40:52,193      travelLogger        INFO   trying to connect using Facebook
2014-04-07 10:40:52,523      travelLogger        INFO   Facebook is authenticated
2014-04-07 10:40:52,524      travelLogger        DEBUG   force registration is set to None
2014-04-07 10:40:52,546      travelLogger        INFO   100006025326532
2014-04-07 10:40:52,674      travelLogger        INFO   found a new token CAAF4OpEnB
2014-04-07 10:40:52,674      travelLogger        INFO   access token changed, updating now
2014-04-07 10:40:52,973      travelLogger        INFO   connect finished with action django_facebook.connect.LOGIN
2014-04-07 10:40:52,973      travelLogger        INFO   Django facebook performed action: django_facebook.connect.LOGIN
2014-04-07 11:49:16,466      travelLogger        INFO   trying to connect using Facebook
2014-04-07 11:50:08,601      travelLogger        INFO   trying to connect using Facebook
2014-04-07 11:50:33,159      travelLogger        INFO   Facebook is authenticated
2014-04-07 11:51:46,991      travelLogger        DEBUG   force registration is set to None
2014-04-07 11:51:47,047      travelLogger        INFO   100006025326532
2014-04-07 11:51:47,204      travelLogger        INFO   found a new token CAAF4OpEnB
2014-04-07 11:51:47,204      travelLogger        INFO   access token changed, updating now
2014-04-07 11:51:47,487      travelLogger        INFO   connect finished with action django_facebook.connect.LOGIN
2014-04-07 11:52:01,877      travelLogger        INFO   Django facebook performed action: django_facebook.connect.LOGIN
2014-04-07 14:27:12,163      travelLogger        INFO   trying to connect using Facebook
2014-04-07 14:27:14,775      travelLogger        INFO   trying to connect using Facebook
2014-04-07 14:27:15,511      travelLogger        INFO   trying to connect using Facebook
2014-04-07 14:27:15,978      travelLogger        INFO   trying to connect using Facebook
2014-04-07 14:27:16,523      travelLogger        INFO   trying to connect using Facebook
2014-04-07 14:28:21,321      travelLogger        INFO   trying to connect using Facebook
2014-04-07 14:28:21,322      travelLogger        INFO   trying to connect using Facebook
2014-04-07 14:28:21,585      travelLogger        INFO   Facebook is authenticated
2014-04-07 14:28:21,586      travelLogger        DEBUG   force registration is set to None
2014-04-07 14:28:21,596      travelLogger        INFO   100006998190423
2014-04-07 14:28:21,733      travelLogger        INFO   found a new token CAAF4OpEnB
2014-04-07 14:28:21,733      travelLogger        INFO   access token changed, updating now
2014-04-07 14:28:22,015      travelLogger        INFO   connect finished with action django_facebook.connect.LOGIN
2014-04-07 14:28:22,016      travelLogger        INFO   Django facebook performed action: django_facebook.connect.LOGIN
2014-04-07 20:45:12,940      travelLogger        INFO   trying to connect using Facebook
2014-04-07 20:45:12,952      travelLogger        INFO   trying to connect using Facebook
2014-04-07 20:45:13,210      travelLogger        INFO   Facebook is authenticated
2014-04-07 20:45:13,211      travelLogger        DEBUG   force registration is set to None
2014-04-07 20:45:13,286      travelLogger        INFO   100006025326532
2014-04-07 20:45:13,560      travelLogger        INFO   found a new token CAAF4OpEnB
2014-04-07 20:45:13,560      travelLogger        INFO   access token changed, updating now
2014-04-07 20:45:13,842      travelLogger        INFO   connect finished with action django_facebook.connect.LOGIN
2014-04-07 20:45:13,842      travelLogger        INFO   Django facebook performed action: django_facebook.connect.LOGIN
2014-04-07 23:52:20,554      travelLogger        INFO   trying to connect using Facebook
2014-04-07 23:52:20,556      travelLogger        INFO   trying to connect using Facebook
2014-04-07 23:52:20,860      travelLogger        INFO   Facebook is authenticated
2014-04-07 23:52:20,861      travelLogger        DEBUG   force registration is set to None
2014-04-07 23:52:20,866      travelLogger        INFO   100006025326532
2014-04-07 23:52:21,044      travelLogger        INFO   found a new token CAAF4OpEnB
2014-04-07 23:52:21,045      travelLogger        INFO   access token changed, updating now
2014-04-07 23:52:21,527      travelLogger        INFO   connect finished with action django_facebook.connect.LOGIN
2014-04-07 23:52:21,527      travelLogger        INFO   Django facebook performed action: django_facebook.connect.LOGIN
2014-04-07 23:56:47,771      travelLogger        INFO   trying to connect using Facebook
2014-04-07 23:56:47,772      travelLogger        INFO   trying to connect using Facebook
2014-04-07 23:56:48,018      travelLogger        INFO   Facebook is authenticated
2014-04-07 23:56:48,019      travelLogger        DEBUG   force registration is set to None
2014-04-07 23:56:48,027      travelLogger        INFO   100006998190423
2014-04-07 23:56:48,193      travelLogger        INFO   found a new token CAAF4OpEnB
2014-04-07 23:56:48,193      travelLogger        INFO   access token changed, updating now
2014-04-07 23:56:48,492      travelLogger        INFO   connect finished with action django_facebook.connect.LOGIN
2014-04-07 23:56:48,493      travelLogger        INFO   Django facebook performed action: django_facebook.connect.LOGIN
2014-04-08 00:27:07,015      travelLogger        INFO   trying to connect using Facebook
2014-04-08 00:27:07,016      travelLogger        INFO   trying to connect using Facebook
2014-04-08 00:27:08,349      travelLogger        INFO   Facebook is authenticated
2014-04-08 00:27:08,350      travelLogger        DEBUG   force registration is set to None
2014-04-08 00:27:08,359      travelLogger        INFO   100006998190423
2014-04-08 00:27:08,504      travelLogger        INFO   found a new token CAAF4OpEnB
2014-04-08 00:27:08,504      travelLogger        INFO   access token changed, updating now
2014-04-08 00:27:08,928      travelLogger        INFO   connect finished with action django_facebook.connect.LOGIN
2014-04-08 00:27:08,929      travelLogger        INFO   Django facebook performed action: django_facebook.connect.LOGIN
2014-04-08 01:11:21,141      travelLogger        INFO   trying to connect using Facebook
2014-04-08 01:11:21,142      travelLogger        INFO   trying to connect using Facebook
2014-04-08 01:11:21,378      travelLogger        INFO   Facebook is authenticated
2014-04-08 01:11:21,379      travelLogger        DEBUG   force registration is set to None
2014-04-08 01:11:21,386      travelLogger        INFO   100006998190423
2014-04-08 01:11:21,549      travelLogger        INFO   found a new token CAAF4OpEnB
2014-04-08 01:11:21,549      travelLogger        INFO   access token changed, updating now
2014-04-08 01:11:21,931      travelLogger        INFO   connect finished with action django_facebook.connect.LOGIN
2014-04-08 01:11:21,932      travelLogger        INFO   Django facebook performed action: django_facebook.connect.LOGIN
2014-04-08 09:16:25,139      travelLogger        INFO   trying to connect using Facebook
2014-04-08 09:16:25,140      travelLogger        INFO   trying to connect using Facebook
2014-04-08 09:16:25,535      travelLogger        INFO   Facebook is authenticated
2014-04-08 09:16:25,536      travelLogger        DEBUG   force registration is set to None
2014-04-08 09:16:25,555      travelLogger        INFO   100006025326532
2014-04-08 09:16:25,733      travelLogger        INFO   found a new token CAAF4OpEnB
2014-04-08 09:16:25,733      travelLogger        INFO   access token changed, updating now
2014-04-08 09:16:26,032      travelLogger        INFO   connect finished with action django_facebook.connect.LOGIN
2014-04-08 09:16:26,032      travelLogger        INFO   Django facebook performed action: django_facebook.connect.LOGIN
2014-04-08 09:47:52,727      travelLogger        INFO   trying to connect using Facebook
2014-04-08 09:47:52,728      travelLogger        INFO   trying to connect using Facebook
2014-04-08 09:47:53,626      travelLogger        INFO   Facebook is authenticated
2014-04-08 09:47:53,627      travelLogger        DEBUG   force registration is set to None
2014-04-08 09:47:53,635      travelLogger        INFO   100006998190423
2014-04-08 09:47:53,767      travelLogger        INFO   found a new token CAAF4OpEnB
2014-04-08 09:47:53,767      travelLogger        INFO   access token changed, updating now
2014-04-08 09:47:54,175      travelLogger        INFO   connect finished with action django_facebook.connect.LOGIN
2014-04-08 09:47:54,175      travelLogger        INFO   Django facebook performed action: django_facebook.connect.LOGIN
